[2025-07-09 18:34:48] [INFO] Reading configuration from: /home/eswari/.coral/config.json
[2025-07-09 18:34:48] [INFO] silenceTimeoutSeconds:  [300]
[2025-07-09 18:34:48] [INFO] audioSampleRate:  [16000]
[2025-07-09 18:34:48] [INFO] audioChannels:  [1]
[2025-07-09 18:34:48] [INFO] triggerKey:  [Alt+z]
[2025-07-09 18:34:48] [INFO] whisperModelPath:  []
[2025-07-09 18:34:48] [INFO] debugLevel:  [3]
[2025-07-09 18:34:48] [INFO] logFilePath:  [coral.log]
[2025-07-09 18:34:48] [INFO] logToConsole:  [true]
[2025-07-09 18:34:48] [INFO] cmdTriggerKey:  [Alt+x]
[2025-07-09 18:34:48] [INFO] whisperLanguage:  [en]
[2025-07-09 18:36:14] [INFO] Reading configuration from: /home/eswari/.coral/config.json
[2025-07-09 18:36:14] [INFO] silenceTimeoutSeconds:  [300]
[2025-07-09 18:36:14] [INFO] audioSampleRate:  [16000]
[2025-07-09 18:36:14] [INFO] audioChannels:  [1]
[2025-07-09 18:36:14] [INFO] triggerKey:  [Alt+z]
[2025-07-09 18:36:14] [INFO] whisperModelPath:  []
[2025-07-09 18:36:14] [INFO] debugLevel:  [5]
[2025-07-09 18:36:14] [INFO] logFilePath:  [coral.log]
[2025-07-09 18:36:14] [INFO] logToConsole:  [true]
[2025-07-09 18:36:14] [INFO] cmdTriggerKey:  [Alt+x]
[2025-07-09 18:36:14] [INFO] whisperLanguage:  [en]
[2025-07-09 18:38:59] [INFO] Reading configuration from: /home/eswari/.coral/config.json
[2025-07-09 18:38:59] [INFO] silenceTimeoutSeconds:  [300]
[2025-07-09 18:38:59] [INFO] audioSampleRate:  [16000]
[2025-07-09 18:38:59] [INFO] audioChannels:  [1]
[2025-07-09 18:38:59] [INFO] triggerKey:  [Alt+z]
[2025-07-09 18:38:59] [INFO] whisperModelPath:  []
[2025-07-09 18:38:59] [INFO] debugLevel:  [5]
[2025-07-09 18:38:59] [INFO] logFilePath:  [coral.log]
[2025-07-09 18:38:59] [INFO] logToConsole:  [true]
[2025-07-09 18:38:59] [INFO] cmdTriggerKey:  [Alt+x]
[2025-07-09 18:38:59] [INFO] whisperLanguage:  [en]
[2025-07-09 18:41:05] [INFO] Reading configuration from: /home/eswari/.coral/config.json
[2025-07-09 18:41:05] [INFO] silenceTimeoutSeconds:  [300]
[2025-07-09 18:41:05] [INFO] audioSampleRate:  [16000]
[2025-07-09 18:41:05] [INFO] audioChannels:  [1]
[2025-07-09 18:41:05] [INFO] triggerKey:  [Alt+z]
[2025-07-09 18:41:05] [INFO] whisperModelPath:  [home/eswari/.local/share/coral/models/ggml-base.en.bin]
[2025-07-09 18:41:05] [INFO] debugLevel:  [5]
[2025-07-09 18:41:05] [INFO] logFilePath:  [coral.log]
[2025-07-09 18:41:05] [INFO] logToConsole:  [true]
[2025-07-09 18:41:05] [INFO] cmdTriggerKey:  [Alt+x]
[2025-07-09 18:41:05] [INFO] whisperLanguage:  [en]
[2025-07-09 18:42:51] [INFO] Reading configuration from: /home/eswari/.coral/config.json
[2025-07-09 18:42:51] [INFO] silenceTimeoutSeconds:  [300]
[2025-07-09 18:42:51] [INFO] audioSampleRate:  [16000]
[2025-07-09 18:42:51] [INFO] audioChannels:  [1]
[2025-07-09 18:42:51] [INFO] triggerKey:  [Alt+z]
[2025-07-09 18:42:51] [INFO] whisperModelPath:  [/home/eswari/.local/share/coral/models/ggml-base.en.bin]
[2025-07-09 18:42:51] [INFO] debugLevel:  [5]
[2025-07-09 18:42:51] [INFO] logFilePath:  [coral.log]
[2025-07-09 18:42:51] [INFO] logToConsole:  [true]
[2025-07-09 18:42:51] [INFO] cmdTriggerKey:  [Alt+x]
[2025-07-09 18:42:51] [INFO] whisperLanguage:  [en]
